# JRE version: Java(TM) SE Runtime Environment (8.0_171-b11) (build 1.8.0_171-b11)
# Java VM: Java HotSpot(TM) 64-Bit Server VM (25.171-b11 mixed mode windows-amd64 compressed oops)
Heap:
 PSYoungGen      total 375808K, used 169593K [0x000000076b300000, 0x0000000788980000, 0x00000007c0000000)
  eden space 359424K, 42% used [0x000000076b300000,0x00000007748a1490,0x0000000781200000)
  from space 16384K, 99% used [0x0000000782100000,0x00000007830fd1a8,0x0000000783100000)
  to   space 15360K, 0% used [0x0000000781200000,0x0000000781200000,0x0000000782100000)
 ParOldGen       total 130048K, used 27761K [0x00000006c1800000, 0x00000006c9700000, 0x000000076b300000)
  object space 130048K, 21% used [0x00000006c1800000,0x00000006c331c6c8,0x00000006c9700000)
 Metaspace       used 54606K, capacity 57654K, committed 57728K, reserved 1099776K
  class space    used 7466K, capacity 8042K, committed 8064K, reserved 1048576K
GC Heap History (10 events):
Event: 9.861 GC heap before
{Heap before GC invocations=6 (full 1):
 PSYoungGen      total 229888K, used 229516K [0x000000076b300000, 0x000000077c800000, 0x00000007c0000000)
  eden space 219136K, 100% used [0x000000076b300000,0x0000000778900000,0x0000000778900000)
  from space 10752K, 96% used [0x000000077bd80000,0x000000077c7a32b0,0x000000077c800000)
  to   space 10752K, 0% used [0x000000077b300000,0x000000077b300000,0x000000077bd80000)
 ParOldGen       total 94208K, used 9788K [0x00000006c1800000, 0x00000006c7400000, 0x000000076b300000)
  object space 94208K, 10% used [0x00000006c1800000,0x00000006c218f028,0x00000006c7400000)
 Metaspace       used 32784K, capacity 34230K, committed 34304K, reserved 1079296K
  class space    used 4473K, capacity 4795K, committed 4864K, reserved 1048576K
Event: 9.879 GC heap after
Heap after GC invocations=6 (full 1):
 PSYoungGen      total 272896K, used 10750K [0x000000076b300000, 0x0000000783100000, 0x00000007c0000000)
  eden space 262144K, 0% used [0x000000076b300000,0x000000076b300000,0x000000077b300000)
  from space 10752K, 99% used [0x000000077b300000,0x000000077bd7f9a0,0x000000077bd80000)
  to   space 16384K, 0% used [0x0000000782100000,0x0000000782100000,0x0000000783100000)
 ParOldGen       total 94208K, used 15370K [0x00000006c1800000, 0x00000006c7400000, 0x000000076b300000)
  object space 94208K, 16% used [0x00000006c1800000,0x00000006c27028c8,0x00000006c7400000)
 Metaspace       used 32784K, capacity 34230K, committed 34304K, reserved 1079296K
  class space    used 4473K, capacity 4795K, committed 4864K, reserved 1048576K
}
Event: 10.040 GC heap before
{Heap before GC invocations=7 (full 1):
 PSYoungGen      total 272896K, used 36180K [0x000000076b300000, 0x0000000783100000, 0x00000007c0000000)
  eden space 262144K, 9% used [0x000000076b300000,0x000000076cbd5a28,0x000000077b300000)
  from space 10752K, 99% used [0x000000077b300000,0x000000077bd7f9a0,0x000000077bd80000)
  to   space 16384K, 0% used [0x0000000782100000,0x0000000782100000,0x0000000783100000)
 ParOldGen       total 94208K, used 15370K [0x00000006c1800000, 0x00000006c7400000, 0x000000076b300000)
  object space 94208K, 16% used [0x00000006c1800000,0x00000006c27028c8,0x00000006c7400000)
 Metaspace       used 33976K, capacity 35358K, committed 35456K, reserved 1079296K
  class space    used 4621K, capacity 4933K, committed 4992K, reserved 1048576K
Event: 10.053 GC heap after
Heap after GC invocations=7 (full 1):
 PSYoungGen      total 375808K, used 10121K [0x000000076b300000, 0x0000000788980000, 0x00000007c0000000)
  eden space 359424K, 0% used [0x000000076b300000,0x000000076b300000,0x0000000781200000)
  from space 16384K, 61% used [0x0000000782100000,0x0000000782ae2640,0x0000000783100000)
  to   space 15360K, 0% used [0x0000000781200000,0x0000000781200000,0x0000000782100000)
 ParOldGen       total 94208K, used 15378K [0x00000006c1800000, 0x00000006c7400000, 0x000000076b300000)
  object space 94208K, 16% used [0x00000006c1800000,0x00000006c27048c8,0x00000006c7400000)
 Metaspace       used 33976K, capacity 35358K, committed 35456K, reserved 1079296K
  class space    used 4621K, capacity 4933K, committed 4992K, reserved 1048576K
}
Event: 10.053 GC heap before
{Heap before GC invocations=8 (full 2):
 PSYoungGen      total 375808K, used 10121K [0x000000076b300000, 0x0000000788980000, 0x00000007c0000000)
  eden space 359424K, 0% used [0x000000076b300000,0x000000076b300000,0x0000000781200000)
  from space 16384K, 61% used [0x0000000782100000,0x0000000782ae2640,0x0000000783100000)
  to   space 15360K, 0% used [0x0000000781200000,0x0000000781200000,0x0000000782100000)
 ParOldGen       total 94208K, used 15378K [0x00000006c1800000, 0x00000006c7400000, 0x000000076b300000)
  object space 94208K, 16% used [0x00000006c1800000,0x00000006c27048c8,0x00000006c7400000)
 Metaspace       used 33976K, capacity 35358K, committed 35456K, reserved 1079296K
  class space    used 4621K, capacity 4933K, committed 4992K, reserved 1048576K
Event: 10.124 GC heap after
Heap after GC invocations=8 (full 2):
 PSYoungGen      total 375808K, used 0K [0x000000076b300000, 0x0000000788980000, 0x00000007c0000000)
  eden space 359424K, 0% used [0x000000076b300000,0x000000076b300000,0x0000000781200000)
  from space 16384K, 0% used [0x0000000782100000,0x0000000782100000,0x0000000783100000)
  to   space 15360K, 0% used [0x0000000781200000,0x0000000781200000,0x0000000782100000)
 ParOldGen       total 130048K, used 15695K [0x00000006c1800000, 0x00000006c9700000, 0x000000076b300000)
  object space 130048K, 12% used [0x00000006c1800000,0x00000006c2753df8,0x00000006c9700000)
 Metaspace       used 33976K, capacity 35358K, committed 35456K, reserved 1079296K
  class space    used 4621K, capacity 4933K, committed 4992K, reserved 1048576K
}
Event: 13.903 GC heap before
{Heap before GC invocations=9 (full 2):
 PSYoungGen      total 375808K, used 359424K [0x000000076b300000, 0x0000000788980000, 0x00000007c0000000)
  eden space 359424K, 100% used [0x000000076b300000,0x0000000781200000,0x0000000781200000)
  from space 16384K, 0% used [0x0000000782100000,0x0000000782100000,0x0000000783100000)
  to   space 15360K, 0% used [0x0000000781200000,0x0000000781200000,0x0000000782100000)
 ParOldGen       total 130048K, used 15695K [0x00000006c1800000, 0x00000006c9700000, 0x000000076b300000)
  object space 130048K, 12% used [0x00000006c1800000,0x00000006c2753df8,0x00000006c9700000)
 Metaspace       used 43747K, capacity 45960K, committed 46080K, reserved 1089536K
  class space    used 5922K, capacity 6346K, committed 6400K, reserved 1048576K
Event: 13.933 GC heap after
Heap after GC invocations=9 (full 2):
 PSYoungGen      total 374784K, used 15358K [0x000000076b300000, 0x0000000788980000, 0x00000007c0000000)
  eden space 359424K, 0% used [0x000000076b300000,0x000000076b300000,0x0000000781200000)
  from space 15360K, 99% used [0x0000000781200000,0x00000007820ff8a8,0x0000000782100000)
  to   space 16384K, 0% used [0x0000000782100000,0x0000000782100000,0x0000000783100000)
 ParOldGen       total 130048K, used 15799K [0x00000006c1800000, 0x00000006c9700000, 0x000000076b300000)
  object space 130048K, 12% used [0x00000006c1800000,0x00000006c276dd80,0x00000006c9700000)
 Metaspace       used 43747K, capacity 45960K, committed 46080K, reserved 1089536K
  class space    used 5922K, capacity 6346K, committed 6400K, reserved 1048576K
}
Event: 17.327 GC heap before
{Heap before GC invocations=10 (full 2):
 PSYoungGen      total 374784K, used 374782K [0x000000076b300000, 0x0000000788980000, 0x00000007c0000000)
  eden space 359424K, 100% used [0x000000076b300000,0x0000000781200000,0x0000000781200000)
  from space 15360K, 99% used [0x0000000781200000,0x00000007820ff8a8,0x0000000782100000)
  to   space 16384K, 0% used [0x0000000782100000,0x0000000782100000,0x0000000783100000)
 ParOldGen       total 130048K, used 15799K [0x00000006c1800000, 0x00000006c9700000, 0x000000076b300000)
  object space 130048K, 12% used [0x00000006c1800000,0x00000006c276dd80,0x00000006c9700000)
 Metaspace       used 51271K, capacity 54036K, committed 54144K, reserved 1095680K
  class space    used 6938K, capacity 7463K, committed 7552K, reserved 1048576K
Event: 17.360 GC heap after
Heap after GC invocations=10 (full 2):
 PSYoungGen      total 375808K, used 16372K [0x000000076b300000, 0x0000000788980000, 0x00000007c0000000)
  eden space 359424K, 0% used [0x000000076b300000,0x000000076b300000,0x0000000781200000)
  from space 16384K, 99% used [0x0000000782100000,0x00000007830fd1a8,0x0000000783100000)
  to   space 15360K, 0% used [0x0000000781200000,0x0000000781200000,0x0000000782100000)
 ParOldGen       total 130048K, used 27761K [0x00000006c1800000, 0x00000006c9700000, 0x000000076b300000)
  object space 130048K, 21% used [0x00000006c1800000,0x00000006c331c6c8,0x00000006c9700000)
 Metaspace       used 51271K, capacity 54036K, committed 54144K, reserved 1095680K
  class space    used 6938K, capacity 7463K, committed 7552K, reserved 1048576K
}

